<?xml version="1.0" encoding="UTF-8" ?>
<testsuites>
  <testsuite errors="0" failures="0" hostname="VirtualQA-Autom" id="0" name="ausaVerPartes" package="AUSA" skipped="0" tests="1" time="191.193" timestamp="2017-05-04T13:07:04">
      <properties>
[...]
</properties>

      <testcase classname="AUSA.ausaVerPartes" name="ausaITSpage" time="190.92" />

      <system-out><![CDATA[El Archivo verPartesResultados_20170504150704 ha sido creado
]]></system-out>

      <system-err><![CDATA[Starting ChromeDriver 2.28.455520 (cc17746adff54984afff480136733114c6b3704b) on port 22455
Only local connections are allowed.
may 04, 2017 3:07:08 PM org.openqa.selenium.remote.ProtocolHandshake createSession
INFO: Detected dialect: OSS
]]></system-err>

  </testsuite>
</testsuites>
