<?xml version="1.0" encoding="UTF-8" ?>
<testsuites>
  <testsuite errors="1" failures="0" hostname="VirtualQA-Autom" id="0" name="ausaBuscarPartes" package="AUSA" skipped="0" tests="1" time="0.0" timestamp="2017-04-25T12:04:23">
      <properties>
[...]
</properties>

      <error message="AUSA.ausaBuscarPartes" type="java.lang.ClassNotFoundException">java.lang.ClassNotFoundException: AUSA.ausaBuscarPartes
	at java.net.URLClassLoader.findClass(URLClassLoader.java:381)
	at java.lang.ClassLoader.loadClass(ClassLoader.java:424)
	at sun.misc.Launcher$AppClassLoader.loadClass(Launcher.java:335)
	at java.lang.ClassLoader.loadClass(ClassLoader.java:357)
	at java.lang.Class.forName0(Native Method)
	at java.lang.Class.forName(Class.java:264)
</error>

      <system-out><![CDATA[]]></system-out>

      <system-err><![CDATA[]]></system-err>

  </testsuite>
  <testsuite errors="0" failures="0" hostname="GARCIA-F" id="1" name="ausaCrearPartes" package="AUSA" skipped="0" tests="1" time="97.788" timestamp="2017-03-09T16:16:01">
      <properties>
[...]
</properties>

      <testcase classname="AUSA.ausaCrearPartes" name="ausaIssuescreate" time="97.637" />

      <system-out><![CDATA[ERROR EN CREAR PARTE: Existen errores en la página. Los errores pueden estar en los componentes minimizados.
]]></system-out>

      <system-err><![CDATA[Starting ChromeDriver 2.27.440174 (e97a722caafc2d3a8b807ee115bfb307f7d2cfd9) on port 28487
Only local connections are allowed.
mar 09, 2017 5:16:05 PM org.openqa.selenium.remote.ProtocolHandshake createSession
INFORMACIÓN: Detected dialect: OSS
[29.214][WARNING]: screenshot failed, retrying
]]></system-err>

  </testsuite>
  <testsuite errors="0" failures="0" hostname="GARCIA-F" id="2" name="ausaVerPartes" package="AUSA" skipped="0" tests="1" time="92.24" timestamp="2017-03-29T12:06:56">
      <properties>
[...]
</properties>

      <testcase classname="AUSA.ausaVerPartes" name="ausaITSpage" time="92.083" />

      <system-out><![CDATA[El Archivo verPartesResultados_NEW ha sido creado
]]></system-out>

      <system-err><![CDATA[Starting ChromeDriver 2.28.455520 (cc17746adff54984afff480136733114c6b3704b) on port 19917
Only local connections are allowed.
mar 29, 2017 2:07:06 PM org.openqa.selenium.remote.ProtocolHandshake createSession
INFORMACIÓN: Detected dialect: OSS
]]></system-err>

  </testsuite>
</testsuites>
