<?xml version="1.0" encoding="UTF-8" ?>
<testsuite errors="0" failures="0" hostname="VirtualQA-Autom" name="AUSA.ausaBuscarPartes" skipped="0" tests="1" time="76.998" timestamp="2017-05-18T15:33:52">
  <properties>
[...]
</properties>
  <testcase classname="AUSA.ausaBuscarPartes" name="ausaITSpage" time="76.47" />
  <system-out><![CDATA[Se han encontrado 25 Registro/s
]]></system-out>
  <system-err><![CDATA[Starting ChromeDriver 2.28.455520 (cc17746adff54984afff480136733114c6b3704b) on port 39119
Only local connections are allowed.
may 18, 2017 5:34:00 PM org.openqa.selenium.remote.ProtocolHandshake createSession
INFO: Detected dialect: OSS
]]></system-err>
</testsuite>
